<?xml version='1.0' encoding='UTF-8'?>
<testsuite hostname="i102601174" name="org.apache.spark.ml.made.StartSparkTest" tests="1" errors="0" failures="0" skipped="1" time="-0.001" timestamp="2023-03-19T11:19:26">
          <properties>
[...]
</properties>
          <testcase classname="org.apache.spark.ml.made.StartSparkTest" name="Spark should start context" time="-0.001">
                      <skipped/>
                    </testcase>
          <system-out><![CDATA[]]></system-out>
          <system-err><![CDATA[]]></system-err>
        </testsuite>