<?xml version='1.0' encoding='UTF-8'?>
<testsuite hostname="i102601174" name="org.apache.spark.ml.made.StandardScalerTest" tests="7" errors="0" failures="0" skipped="0" time="37.064" timestamp="2023-03-16T16:19:21">
          <properties>
[...]
</properties>
          <testcase classname="org.apache.spark.ml.made.StandardScalerTest" name="Model should scale input data" time="21.883">
                      
                    </testcase><testcase classname="org.apache.spark.ml.made.StandardScalerTest" name="Model should scale input data without mean subtraction" time="0.203">
                      
                    </testcase><testcase classname="org.apache.spark.ml.made.StandardScalerTest" name="Estimator should calculate means" time="3.21">
                      
                    </testcase><testcase classname="org.apache.spark.ml.made.StandardScalerTest" name="Estimator should calculate stds" time="0.434">
                      
                    </testcase><testcase classname="org.apache.spark.ml.made.StandardScalerTest" name="Estimator should should produce functional model" time="0.521">
                      
                    </testcase><testcase classname="org.apache.spark.ml.made.StandardScalerTest" name="Estimator should work after re-read" time="3.466">
                      
                    </testcase><testcase classname="org.apache.spark.ml.made.StandardScalerTest" name="Model should work after re-read" time="7.347">
                      
                    </testcase>
          <system-out><![CDATA[]]></system-out>
          <system-err><![CDATA[]]></system-err>
        </testsuite>