[0m[[0m[0mdebug[0m] [0m[0m> Exec(test, Some(e1b58593-9c63-45b1-8239-138d96bcb777), Some(CommandSource(console0)))[0m
[0m[[0m[0mdebug[0m] [0m[0mEvaluating tasks: Test / test[0m
[0m[[0m[0mdebug[0m] [0m[0mRunning task... Cancel: Signal, check cycles: false, forcegc: true[0m
[0m[[0m[0minfo[0m] [0m[0m[32mStartSparkTest:[0m[0m
[0m[[0m[0minfo[0m] [0m[0m[32mSpark[0m[0m
[0m[[0m[0minfo[0m] [0m[0m[33m- should start context !!! IGNORED !!![0m[0m
[0m[[0m[0minfo[0m] [0m[0m[32mStandardScalerTest:[0m[0m
[0m[[0m[0minfo[0m] [0m[0m[32mModel[0m[0m
[0m[[0m[0minfo[0m] [0m[0m[31morg.apache.spark.ml.made.StandardScalerTest *** ABORTED ***[0m[0m
[0m[[0m[0minfo[0m] [0m[0m[31m  java.lang.ExceptionInInitializerError:[0m[0m
[0m[[0m[0minfo[0m] [0m[0m[31m  at org.apache.spark.unsafe.array.ByteArrayMethods.<clinit>(ByteArrayMethods.java:54)[0m[0m
[0m[[0m[0minfo[0m] [0m[0m[31m  at org.apache.spark.internal.config.package$.<init>(package.scala:1006)[0m[0m
[0m[[0m[0minfo[0m] [0m[0m[31m  at org.apache.spark.internal.config.package$.<clinit>(package.scala)[0m[0m
[0m[[0m[0minfo[0m] [0m[0m[31m  at org.apache.spark.SparkConf$.<init>(SparkConf.scala:639)[0m[0m
[0m[[0m[0minfo[0m] [0m[0m[31m  at org.apache.spark.SparkConf$.<clinit>(SparkConf.scala)[0m[0m
[0m[[0m[0minfo[0m] [0m[0m[31m  at org.apache.spark.SparkConf.set(SparkConf.scala:94)[0m[0m
[0m[[0m[0minfo[0m] [0m[0m[31m  at org.apache.spark.SparkConf.set(SparkConf.scala:83)[0m[0m
[0m[[0m[0minfo[0m] [0m[0m[31m  at org.apache.spark.sql.SparkSession$Builder.$anonfun$getOrCreate$1(SparkSession.scala:905)[0m[0m
[0m[[0m[0minfo[0m] [0m[0m[31m  at scala.collection.mutable.HashMap.$anonfun$foreach$1(HashMap.scala:149)[0m[0m
[0m[[0m[0minfo[0m] [0m[0m[31m  at scala.collection.mutable.HashTable.foreachEntry(HashTable.scala:237)[0m[0m
[0m[[0m[0minfo[0m] [0m[0m[31m  ...[0m[0m
[0m[[0m[0minfo[0m] [0m[0m[31m  Cause: java.lang.reflect.InaccessibleObjectException: Unable to make private java.nio.DirectByteBuffer(long,int) accessible: module java.base does not "opens java.nio" to unnamed module @10dd1c89[0m[0m
[0m[[0m[0minfo[0m] [0m[0m[31m  at java.base/java.lang.reflect.AccessibleObject.throwInaccessibleObjectException(AccessibleObject.java:387)[0m[0m
[0m[[0m[0minfo[0m] [0m[0m[31m  at java.base/java.lang.reflect.AccessibleObject.checkCanSetAccessible(AccessibleObject.java:363)[0m[0m
[0m[[0m[0minfo[0m] [0m[0m[31m  at java.base/java.lang.reflect.AccessibleObject.checkCanSetAccessible(AccessibleObject.java:311)[0m[0m
[0m[[0m[0minfo[0m] [0m[0m[31m  at java.base/java.lang.reflect.Constructor.checkCanSetAccessible(Constructor.java:192)[0m[0m
[0m[[0m[0minfo[0m] [0m[0m[31m  at java.base/java.lang.reflect.Constructor.setAccessible(Constructor.java:185)[0m[0m
[0m[[0m[0minfo[0m] [0m[0m[31m  at org.apache.spark.unsafe.Platform.<clinit>(Platform.java:56)[0m[0m
[0m[[0m[0minfo[0m] [0m[0m[31m  at org.apache.spark.unsafe.array.ByteArrayMethods.<clinit>(ByteArrayMethods.java:54)[0m[0m
[0m[[0m[0minfo[0m] [0m[0m[31m  at org.apache.spark.internal.config.package$.<init>(package.scala:1006)[0m[0m
[0m[[0m[0minfo[0m] [0m[0m[31m  at org.apache.spark.internal.config.package$.<clinit>(package.scala)[0m[0m
[0m[[0m[0minfo[0m] [0m[0m[31m  at org.apache.spark.SparkConf$.<init>(SparkConf.scala:639)[0m[0m
[0m[[0m[0minfo[0m] [0m[0m[31m  ...[0m[0m
[0m[[0m[31merror[0m] [0m[0mjava.lang.ExceptionInInitializerError[0m
[0m[[0m[31merror[0m] [0m[0m	at org.apache.spark.unsafe.array.ByteArrayMethods.<clinit>(ByteArrayMethods.java:54)[0m
[0m[[0m[31merror[0m] [0m[0m	at org.apache.spark.internal.config.package$.<init>(package.scala:1006)[0m
[0m[[0m[31merror[0m] [0m[0m	at org.apache.spark.internal.config.package$.<clinit>(package.scala)[0m
[0m[[0m[31merror[0m] [0m[0m	at org.apache.spark.SparkConf$.<init>(SparkConf.scala:639)[0m
[0m[[0m[31merror[0m] [0m[0m	at org.apache.spark.SparkConf$.<clinit>(SparkConf.scala)[0m
[0m[[0m[31merror[0m] [0m[0m	at org.apache.spark.SparkConf.set(SparkConf.scala:94)[0m
[0m[[0m[31merror[0m] [0m[0m	at org.apache.spark.SparkConf.set(SparkConf.scala:83)[0m
[0m[[0m[31merror[0m] [0m[0m	at org.apache.spark.sql.SparkSession$Builder.$anonfun$getOrCreate$1(SparkSession.scala:905)[0m
[0m[[0m[31merror[0m] [0m[0m	at scala.collection.mutable.HashMap.$anonfun$foreach$1(HashMap.scala:149)[0m
[0m[[0m[31merror[0m] [0m[0m	at scala.collection.mutable.HashTable.foreachEntry(HashTable.scala:237)[0m
[0m[[0m[31merror[0m] [0m[0m	at scala.collection.mutable.HashTable.foreachEntry$(HashTable.scala:230)[0m
[0m[[0m[31merror[0m] [0m[0m	at scala.collection.mutable.HashMap.foreachEntry(HashMap.scala:44)[0m
[0m[[0m[31merror[0m] [0m[0m	at scala.collection.mutable.HashMap.foreach(HashMap.scala:149)[0m
[0m[[0m[31merror[0m] [0m[0m	at org.apache.spark.sql.SparkSession$Builder.getOrCreate(SparkSession.scala:905)[0m
[0m[[0m[31merror[0m] [0m[0m	at org.apache.spark.ml.made.WithSpark$._spark$lzycompute(WithSpark.scala:13)[0m
[0m[[0m[31merror[0m] [0m[0m	at org.apache.spark.ml.made.WithSpark$._spark(WithSpark.scala:11)[0m
[0m[[0m[31merror[0m] [0m[0m	at org.apache.spark.ml.made.WithSpark$._sqlc$lzycompute(WithSpark.scala:16)[0m
[0m[[0m[31merror[0m] [0m[0m	at org.apache.spark.ml.made.WithSpark$._sqlc(WithSpark.scala:16)[0m
[0m[[0m[31merror[0m] [0m[0m	at org.apache.spark.ml.made.WithSpark.sqlc(WithSpark.scala:7)[0m
[0m[[0m[31merror[0m] [0m[0m	at org.apache.spark.ml.made.WithSpark.sqlc$(WithSpark.scala:7)[0m
[0m[[0m[31merror[0m] [0m[0m	at org.apache.spark.ml.made.StandardScalerTest$.sqlc$lzycompute(StandardScalerTest.scala:140)[0m
[0m[[0m[31merror[0m] [0m[0m	at org.apache.spark.ml.made.StandardScalerTest$.sqlc(StandardScalerTest.scala:140)[0m
[0m[[0m[31merror[0m] [0m[0m	at org.apache.spark.ml.made.StandardScalerTest$._data$lzycompute(StandardScalerTest.scala:149)[0m
[0m[[0m[31merror[0m] [0m[0m	at org.apache.spark.ml.made.StandardScalerTest$._data(StandardScalerTest.scala:147)[0m
[0m[[0m[31merror[0m] [0m[0m	at org.apache.spark.ml.made.StandardScalerTest.data$lzycompute(StandardScalerTest.scala:16)[0m
[0m[[0m[31merror[0m] [0m[0m	at org.apache.spark.ml.made.StandardScalerTest.data(StandardScalerTest.scala:16)[0m
[0m[[0m[31merror[0m] [0m[0m	at org.apache.spark.ml.made.StandardScalerTest.$anonfun$new$1(StandardScalerTest.scala:26)[0m
[0m[[0m[31merror[0m] [0m[0m	at org.scalatest.OutcomeOf.outcomeOf(OutcomeOf.scala:85)[0m
[0m[[0m[31merror[0m] [0m[0m	at org.scalatest.OutcomeOf.outcomeOf$(OutcomeOf.scala:83)[0m
[0m[[0m[31merror[0m] [0m[0m	at org.scalatest.OutcomeOf$.outcomeOf(OutcomeOf.scala:104)[0m
[0m[[0m[31merror[0m] [0m[0m	at org.scalatest.Transformer.apply(Transformer.scala:22)[0m
[0m[[0m[31merror[0m] [0m[0m	at org.scalatest.Transformer.apply(Transformer.scala:20)[0m
[0m[[0m[31merror[0m] [0m[0m	at org.scalatest.flatspec.AnyFlatSpecLike$$anon$5.apply(AnyFlatSpecLike.scala:1683)[0m
[0m[[0m[31merror[0m] [0m[0m	at org.scalatest.TestSuite.withFixture(TestSuite.scala:196)[0m
[0m[[0m[31merror[0m] [0m[0m	at org.scalatest.TestSuite.withFixture$(TestSuite.scala:195)[0m
[0m[[0m[31merror[0m] [0m[0m	at org.scalatest.flatspec.AnyFlatSpec.withFixture(AnyFlatSpec.scala:1685)[0m
[0m[[0m[31merror[0m] [0m[0m	at org.scalatest.flatspec.AnyFlatSpecLike.invokeWithFixture$1(AnyFlatSpecLike.scala:1681)[0m
[0m[[0m[31merror[0m] [0m[0m	at org.scalatest.flatspec.AnyFlatSpecLike.$anonfun$runTest$1(AnyFlatSpecLike.scala:1693)[0m
[0m[[0m[31merror[0m] [0m[0m	at org.scalatest.SuperEngine.runTestImpl(Engine.scala:306)[0m
[0m[[0m[31merror[0m] [0m[0m	at org.scalatest.flatspec.AnyFlatSpecLike.runTest(AnyFlatSpecLike.scala:1693)[0m
[0m[[0m[31merror[0m] [0m[0m	at org.scalatest.flatspec.AnyFlatSpecLike.runTest$(AnyFlatSpecLike.scala:1675)[0m
[0m[[0m[31merror[0m] [0m[0m	at org.scalatest.flatspec.AnyFlatSpec.runTest(AnyFlatSpec.scala:1685)[0m
[0m[[0m[31merror[0m] [0m[0m	at org.scalatest.flatspec.AnyFlatSpecLike.$anonfun$runTests$1(AnyFlatSpecLike.scala:1751)[0m
[0m[[0m[31merror[0m] [0m[0m	at org.scalatest.SuperEngine.$anonfun$runTestsInBranch$1(Engine.scala:413)[0m
[0m[[0m[31merror[0m] [0m[0m	at scala.collection.immutable.List.foreach(List.scala:431)[0m
[0m[[0m[31merror[0m] [0m[0m	at org.scalatest.SuperEngine.traverseSubNodes$1(Engine.scala:401)[0m
[0m[[0m[31merror[0m] [0m[0m	at org.scalatest.SuperEngine.runTestsInBranch(Engine.scala:390)[0m
[0m[[0m[31merror[0m] [0m[0m	at org.scalatest.SuperEngine.$anonfun$runTestsInBranch$1(Engine.scala:427)[0m
[0m[[0m[31merror[0m] [0m[0m	at scala.collection.immutable.List.foreach(List.scala:431)[0m
[0m[[0m[31merror[0m] [0m[0m	at org.scalatest.SuperEngine.traverseSubNodes$1(Engine.scala:401)[0m
[0m[[0m[31merror[0m] [0m[0m	at org.scalatest.SuperEngine.runTestsInBranch(Engine.scala:396)[0m
[0m[[0m[31merror[0m] [0m[0m	at org.scalatest.SuperEngine.runTestsImpl(Engine.scala:475)[0m
[0m[[0m[31merror[0m] [0m[0m	at org.scalatest.flatspec.AnyFlatSpecLike.runTests(AnyFlatSpecLike.scala:1751)[0m
[0m[[0m[31merror[0m] [0m[0m	at org.scalatest.flatspec.AnyFlatSpecLike.runTests$(AnyFlatSpecLike.scala:1750)[0m
[0m[[0m[31merror[0m] [0m[0m	at org.scalatest.flatspec.AnyFlatSpec.runTests(AnyFlatSpec.scala:1685)[0m
[0m[[0m[31merror[0m] [0m[0m	at org.scalatest.Suite.run(Suite.scala:1112)[0m
[0m[[0m[31merror[0m] [0m[0m	at org.scalatest.Suite.run$(Suite.scala:1094)[0m
[0m[[0m[31merror[0m] [0m[0m	at org.scalatest.flatspec.AnyFlatSpec.org$scalatest$flatspec$AnyFlatSpecLike$$super$run(AnyFlatSpec.scala:1685)[0m
[0m[[0m[31merror[0m] [0m[0m	at org.scalatest.flatspec.AnyFlatSpecLike.$anonfun$run$1(AnyFlatSpecLike.scala:1796)[0m
[0m[[0m[31merror[0m] [0m[0m	at org.scalatest.SuperEngine.runImpl(Engine.scala:535)[0m
[0m[[0m[31merror[0m] [0m[0m	at org.scalatest.flatspec.AnyFlatSpecLike.run(AnyFlatSpecLike.scala:1796)[0m
[0m[[0m[31merror[0m] [0m[0m	at org.scalatest.flatspec.AnyFlatSpecLike.run$(AnyFlatSpecLike.scala:1794)[0m
[0m[[0m[31merror[0m] [0m[0m	at org.scalatest.flatspec.AnyFlatSpec.run(AnyFlatSpec.scala:1685)[0m
[0m[[0m[31merror[0m] [0m[0m	at org.scalatest.tools.Framework.org$scalatest$tools$Framework$$runSuite(Framework.scala:318)[0m
[0m[[0m[31merror[0m] [0m[0m	at org.scalatest.tools.Framework$ScalaTestTask.execute(Framework.scala:513)[0m
[0m[[0m[31merror[0m] [0m[0m	at sbt.TestRunner.runTest$1(TestFramework.scala:147)[0m
[0m[[0m[31merror[0m] [0m[0m	at sbt.TestRunner.run(TestFramework.scala:162)[0m
[0m[[0m[31merror[0m] [0m[0m	at sbt.TestFramework$$anon$3$$anonfun$$lessinit$greater$1.$anonfun$apply$1(TestFramework.scala:330)[0m
[0m[[0m[31merror[0m] [0m[0m	at sbt.TestFramework$.sbt$TestFramework$$withContextLoader(TestFramework.scala:290)[0m
[0m[[0m[31merror[0m] [0m[0m	at sbt.TestFramework$$anon$3$$anonfun$$lessinit$greater$1.apply(TestFramework.scala:330)[0m
[0m[[0m[31merror[0m] [0m[0m	at sbt.TestFramework$$anon$3$$anonfun$$lessinit$greater$1.apply(TestFramework.scala:330)[0m
[0m[[0m[31merror[0m] [0m[0m	at sbt.TestFunction.apply(TestFramework.scala:342)[0m
[0m[[0m[31merror[0m] [0m[0m	at sbt.Tests$.$anonfun$toTask$1(Tests.scala:435)[0m
[0m[[0m[31merror[0m] [0m[0m	at sbt.std.Transform$$anon$3.$anonfun$apply$2(Transform.scala:46)[0m
[0m[[0m[31merror[0m] [0m[0m	at sbt.std.Transform$$anon$4.work(Transform.scala:68)[0m
[0m[[0m[31merror[0m] [0m[0m	at sbt.Execute.$anonfun$submit$2(Execute.scala:282)[0m
[0m[[0m[31merror[0m] [0m[0m	at sbt.internal.util.ErrorHandling$.wideConvert(ErrorHandling.scala:23)[0m
[0m[[0m[31merror[0m] [0m[0m	at sbt.Execute.work(Execute.scala:291)[0m
[0m[[0m[31merror[0m] [0m[0m	at sbt.Execute.$anonfun$submit$1(Execute.scala:282)[0m
[0m[[0m[31merror[0m] [0m[0m	at sbt.ConcurrentRestrictions$$anon$4.$anonfun$submitValid$1(ConcurrentRestrictions.scala:265)[0m
[0m[[0m[31merror[0m] [0m[0m	at sbt.CompletionService$$anon$2.call(CompletionService.scala:64)[0m
[0m[[0m[31merror[0m] [0m[0m	at java.base/java.util.concurrent.FutureTask.run(FutureTask.java:317)[0m
[0m[[0m[31merror[0m] [0m[0m	at java.base/java.util.concurrent.Executors$RunnableAdapter.call(Executors.java:577)[0m
[0m[[0m[31merror[0m] [0m[0m	at java.base/java.util.concurrent.FutureTask.run(FutureTask.java:317)[0m
[0m[[0m[31merror[0m] [0m[0m	at java.base/java.util.concurrent.ThreadPoolExecutor.runWorker(ThreadPoolExecutor.java:1144)[0m
[0m[[0m[31merror[0m] [0m[0m	at java.base/java.util.concurrent.ThreadPoolExecutor$Worker.run(ThreadPoolExecutor.java:642)[0m
[0m[[0m[31merror[0m] [0m[0m	at java.base/java.lang.Thread.run(Thread.java:1589)[0m
[0m[[0m[31merror[0m] [0m[0mCaused by: java.lang.reflect.InaccessibleObjectException: Unable to make private java.nio.DirectByteBuffer(long,int) accessible: module java.base does not "opens java.nio" to unnamed module @10dd1c89[0m
[0m[[0m[31merror[0m] [0m[0m	at java.base/java.lang.reflect.AccessibleObject.throwInaccessibleObjectException(AccessibleObject.java:387)[0m
[0m[[0m[31merror[0m] [0m[0m	at java.base/java.lang.reflect.AccessibleObject.checkCanSetAccessible(AccessibleObject.java:363)[0m
[0m[[0m[31merror[0m] [0m[0m	at java.base/java.lang.reflect.AccessibleObject.checkCanSetAccessible(AccessibleObject.java:311)[0m
[0m[[0m[31merror[0m] [0m[0m	at java.base/java.lang.reflect.Constructor.checkCanSetAccessible(Constructor.java:192)[0m
[0m[[0m[31merror[0m] [0m[0m	at java.base/java.lang.reflect.Constructor.setAccessible(Constructor.java:185)[0m
[0m[[0m[31merror[0m] [0m[0m	at org.apache.spark.unsafe.Platform.<clinit>(Platform.java:56)[0m
[0m[[0m[31merror[0m] [0m[0m	at org.apache.spark.unsafe.array.ByteArrayMethods.<clinit>(ByteArrayMethods.java:54)[0m
[0m[[0m[31merror[0m] [0m[0m	at org.apache.spark.internal.config.package$.<init>(package.scala:1006)[0m
[0m[[0m[31merror[0m] [0m[0m	at org.apache.spark.internal.config.package$.<clinit>(package.scala)[0m
[0m[[0m[31merror[0m] [0m[0m	at org.apache.spark.SparkConf$.<init>(SparkConf.scala:639)[0m
[0m[[0m[31merror[0m] [0m[0m	at org.apache.spark.SparkConf$.<clinit>(SparkConf.scala)[0m
[0m[[0m[31merror[0m] [0m[0m	at org.apache.spark.SparkConf.set(SparkConf.scala:94)[0m
[0m[[0m[31merror[0m] [0m[0m	at org.apache.spark.SparkConf.set(SparkConf.scala:83)[0m
[0m[[0m[31merror[0m] [0m[0m	at org.apache.spark.sql.SparkSession$Builder.$anonfun$getOrCreate$1(SparkSession.scala:905)[0m
[0m[[0m[31merror[0m] [0m[0m	at scala.collection.mutable.HashMap.$anonfun$foreach$1(HashMap.scala:149)[0m
[0m[[0m[31merror[0m] [0m[0m	at scala.collection.mutable.HashTable.foreachEntry(HashTable.scala:237)[0m
[0m[[0m[31merror[0m] [0m[0m	at scala.collection.mutable.HashTable.foreachEntry$(HashTable.scala:230)[0m
[0m[[0m[31merror[0m] [0m[0m	at scala.collection.mutable.HashMap.foreachEntry(HashMap.scala:44)[0m
[0m[[0m[31merror[0m] [0m[0m	at scala.collection.mutable.HashMap.foreach(HashMap.scala:149)[0m
[0m[[0m[31merror[0m] [0m[0m	at org.apache.spark.sql.SparkSession$Builder.getOrCreate(SparkSession.scala:905)[0m
[0m[[0m[31merror[0m] [0m[0m	at org.apache.spark.ml.made.WithSpark$._spark$lzycompute(WithSpark.scala:13)[0m
[0m[[0m[31merror[0m] [0m[0m	at org.apache.spark.ml.made.WithSpark$._spark(WithSpark.scala:11)[0m
[0m[[0m[31merror[0m] [0m[0m	at org.apache.spark.ml.made.WithSpark$._sqlc$lzycompute(WithSpark.scala:16)[0m
[0m[[0m[31merror[0m] [0m[0m	at org.apache.spark.ml.made.WithSpark$._sqlc(WithSpark.scala:16)[0m
[0m[[0m[31merror[0m] [0m[0m	at org.apache.spark.ml.made.WithSpark.sqlc(WithSpark.scala:7)[0m
[0m[[0m[31merror[0m] [0m[0m	at org.apache.spark.ml.made.WithSpark.sqlc$(WithSpark.scala:7)[0m
[0m[[0m[31merror[0m] [0m[0m	at org.apache.spark.ml.made.StandardScalerTest$.sqlc$lzycompute(StandardScalerTest.scala:140)[0m
[0m[[0m[31merror[0m] [0m[0m	at org.apache.spark.ml.made.StandardScalerTest$.sqlc(StandardScalerTest.scala:140)[0m
[0m[[0m[31merror[0m] [0m[0m	at org.apache.spark.ml.made.StandardScalerTest$._data$lzycompute(StandardScalerTest.scala:149)[0m
[0m[[0m[31merror[0m] [0m[0m	at org.apache.spark.ml.made.StandardScalerTest$._data(StandardScalerTest.scala:147)[0m
[0m[[0m[31merror[0m] [0m[0m	at org.apache.spark.ml.made.StandardScalerTest.data$lzycompute(StandardScalerTest.scala:16)[0m
[0m[[0m[31merror[0m] [0m[0m	at org.apache.spark.ml.made.StandardScalerTest.data(StandardScalerTest.scala:16)[0m
[0m[[0m[31merror[0m] [0m[0m	at org.apache.spark.ml.made.StandardScalerTest.$anonfun$new$1(StandardScalerTest.scala:26)[0m
[0m[[0m[31merror[0m] [0m[0m	at org.scalatest.OutcomeOf.outcomeOf(OutcomeOf.scala:85)[0m
[0m[[0m[31merror[0m] [0m[0m	at org.scalatest.OutcomeOf.outcomeOf$(OutcomeOf.scala:83)[0m
[0m[[0m[31merror[0m] [0m[0m	at org.scalatest.OutcomeOf$.outcomeOf(OutcomeOf.scala:104)[0m
[0m[[0m[31merror[0m] [0m[0m	at org.scalatest.Transformer.apply(Transformer.scala:22)[0m
[0m[[0m[31merror[0m] [0m[0m	at org.scalatest.Transformer.apply(Transformer.scala:20)[0m
[0m[[0m[31merror[0m] [0m[0m	at org.scalatest.flatspec.AnyFlatSpecLike$$anon$5.apply(AnyFlatSpecLike.scala:1683)[0m
[0m[[0m[31merror[0m] [0m[0m	at org.scalatest.TestSuite.withFixture(TestSuite.scala:196)[0m
[0m[[0m[31merror[0m] [0m[0m	at org.scalatest.TestSuite.withFixture$(TestSuite.scala:195)[0m
[0m[[0m[31merror[0m] [0m[0m	at org.scalatest.flatspec.AnyFlatSpec.withFixture(AnyFlatSpec.scala:1685)[0m
[0m[[0m[31merror[0m] [0m[0m	at org.scalatest.flatspec.AnyFlatSpecLike.invokeWithFixture$1(AnyFlatSpecLike.scala:1681)[0m
[0m[[0m[31merror[0m] [0m[0m	at org.scalatest.flatspec.AnyFlatSpecLike.$anonfun$runTest$1(AnyFlatSpecLike.scala:1693)[0m
[0m[[0m[31merror[0m] [0m[0m	at org.scalatest.SuperEngine.runTestImpl(Engine.scala:306)[0m
[0m[[0m[31merror[0m] [0m[0m	at org.scalatest.flatspec.AnyFlatSpecLike.runTest(AnyFlatSpecLike.scala:1693)[0m
[0m[[0m[31merror[0m] [0m[0m	at org.scalatest.flatspec.AnyFlatSpecLike.runTest$(AnyFlatSpecLike.scala:1675)[0m
[0m[[0m[31merror[0m] [0m[0m	at org.scalatest.flatspec.AnyFlatSpec.runTest(AnyFlatSpec.scala:1685)[0m
[0m[[0m[31merror[0m] [0m[0m	at org.scalatest.flatspec.AnyFlatSpecLike.$anonfun$runTests$1(AnyFlatSpecLike.scala:1751)[0m
[0m[[0m[31merror[0m] [0m[0m	at org.scalatest.SuperEngine.$anonfun$runTestsInBranch$1(Engine.scala:413)[0m
[0m[[0m[31merror[0m] [0m[0m	at scala.collection.immutable.List.foreach(List.scala:431)[0m
[0m[[0m[31merror[0m] [0m[0m	at org.scalatest.SuperEngine.traverseSubNodes$1(Engine.scala:401)[0m
[0m[[0m[31merror[0m] [0m[0m	at org.scalatest.SuperEngine.runTestsInBranch(Engine.scala:390)[0m
[0m[[0m[31merror[0m] [0m[0m	at org.scalatest.SuperEngine.$anonfun$runTestsInBranch$1(Engine.scala:427)[0m
[0m[[0m[31merror[0m] [0m[0m	at scala.collection.immutable.List.foreach(List.scala:431)[0m
[0m[[0m[31merror[0m] [0m[0m	at org.scalatest.SuperEngine.traverseSubNodes$1(Engine.scala:401)[0m
[0m[[0m[31merror[0m] [0m[0m	at org.scalatest.SuperEngine.runTestsInBranch(Engine.scala:396)[0m
[0m[[0m[31merror[0m] [0m[0m	at org.scalatest.SuperEngine.runTestsImpl(Engine.scala:475)[0m
[0m[[0m[31merror[0m] [0m[0m	at org.scalatest.flatspec.AnyFlatSpecLike.runTests(AnyFlatSpecLike.scala:1751)[0m
[0m[[0m[31merror[0m] [0m[0m	at org.scalatest.flatspec.AnyFlatSpecLike.runTests$(AnyFlatSpecLike.scala:1750)[0m
[0m[[0m[31merror[0m] [0m[0m	at org.scalatest.flatspec.AnyFlatSpec.runTests(AnyFlatSpec.scala:1685)[0m
[0m[[0m[31merror[0m] [0m[0m	at org.scalatest.Suite.run(Suite.scala:1112)[0m
[0m[[0m[31merror[0m] [0m[0m	at org.scalatest.Suite.run$(Suite.scala:1094)[0m
[0m[[0m[31merror[0m] [0m[0m	at org.scalatest.flatspec.AnyFlatSpec.org$scalatest$flatspec$AnyFlatSpecLike$$super$run(AnyFlatSpec.scala:1685)[0m
[0m[[0m[31merror[0m] [0m[0m	at org.scalatest.flatspec.AnyFlatSpecLike.$anonfun$run$1(AnyFlatSpecLike.scala:1796)[0m
[0m[[0m[31merror[0m] [0m[0m	at org.scalatest.SuperEngine.runImpl(Engine.scala:535)[0m
[0m[[0m[31merror[0m] [0m[0m	at org.scalatest.flatspec.AnyFlatSpecLike.run(AnyFlatSpecLike.scala:1796)[0m
[0m[[0m[31merror[0m] [0m[0m	at org.scalatest.flatspec.AnyFlatSpecLike.run$(AnyFlatSpecLike.scala:1794)[0m
[0m[[0m[31merror[0m] [0m[0m	at org.scalatest.flatspec.AnyFlatSpec.run(AnyFlatSpec.scala:1685)[0m
[0m[[0m[31merror[0m] [0m[0m	at org.scalatest.tools.Framework.org$scalatest$tools$Framework$$runSuite(Framework.scala:318)[0m
[0m[[0m[31merror[0m] [0m[0m	at org.scalatest.tools.Framework$ScalaTestTask.execute(Framework.scala:513)[0m
[0m[[0m[31merror[0m] [0m[0m	at sbt.TestRunner.runTest$1(TestFramework.scala:147)[0m
[0m[[0m[31merror[0m] [0m[0m	at sbt.TestRunner.run(TestFramework.scala:162)[0m
[0m[[0m[31merror[0m] [0m[0m	at sbt.TestFramework$$anon$3$$anonfun$$lessinit$greater$1.$anonfun$apply$1(TestFramework.scala:330)[0m
[0m[[0m[31merror[0m] [0m[0m	at sbt.TestFramework$.sbt$TestFramework$$withContextLoader(TestFramework.scala:290)[0m
[0m[[0m[31merror[0m] [0m[0m	at sbt.TestFramework$$anon$3$$anonfun$$lessinit$greater$1.apply(TestFramework.scala:330)[0m
[0m[[0m[31merror[0m] [0m[0m	at sbt.TestFramework$$anon$3$$anonfun$$lessinit$greater$1.apply(TestFramework.scala:330)[0m
[0m[[0m[31merror[0m] [0m[0m	at sbt.TestFunction.apply(TestFramework.scala:342)[0m
[0m[[0m[31merror[0m] [0m[0m	at sbt.Tests$.$anonfun$toTask$1(Tests.scala:435)[0m
[0m[[0m[31merror[0m] [0m[0m	at sbt.std.Transform$$anon$3.$anonfun$apply$2(Transform.scala:46)[0m
[0m[[0m[31merror[0m] [0m[0m	at sbt.std.Transform$$anon$4.work(Transform.scala:68)[0m
[0m[[0m[31merror[0m] [0m[0m	at sbt.Execute.$anonfun$submit$2(Execute.scala:282)[0m
[0m[[0m[31merror[0m] [0m[0m	at sbt.internal.util.ErrorHandling$.wideConvert(ErrorHandling.scala:23)[0m
[0m[[0m[31merror[0m] [0m[0m	at sbt.Execute.work(Execute.scala:291)[0m
[0m[[0m[31merror[0m] [0m[0m	at sbt.Execute.$anonfun$submit$1(Execute.scala:282)[0m
[0m[[0m[31merror[0m] [0m[0m	at sbt.ConcurrentRestrictions$$anon$4.$anonfun$submitValid$1(ConcurrentRestrictions.scala:265)[0m
[0m[[0m[31merror[0m] [0m[0m	at sbt.CompletionService$$anon$2.call(CompletionService.scala:64)[0m
[0m[[0m[31merror[0m] [0m[0m	at java.base/java.util.concurrent.FutureTask.run(FutureTask.java:317)[0m
[0m[[0m[31merror[0m] [0m[0m	at java.base/java.util.concurrent.Executors$RunnableAdapter.call(Executors.java:577)[0m
[0m[[0m[31merror[0m] [0m[0m	at java.base/java.util.concurrent.FutureTask.run(FutureTask.java:317)[0m
[0m[[0m[31merror[0m] [0m[0m	at java.base/java.util.concurrent.ThreadPoolExecutor.runWorker(ThreadPoolExecutor.java:1144)[0m
[0m[[0m[31merror[0m] [0m[0m	at java.base/java.util.concurrent.ThreadPoolExecutor$Worker.run(ThreadPoolExecutor.java:642)[0m
[0m[[0m[31merror[0m] [0m[0m	at java.base/java.lang.Thread.run(Thread.java:1589)[0m
[0m[[0m[31merror[0m] [0m[0m(Test / [31mexecuteTests[0m) java.lang.ExceptionInInitializerError[0m
[0m[[0m[31merror[0m] [0m[0mTotal time: 6 s, completed 14 Ð¼Ð°Ñ€. 2023 Ð³., 21:34:01[0m
[0m[[0m[0mdebug[0m] [0m[0m> Exec(shell, None, None)[0m
